<?xml version="1.0" encoding="UTF-8"?>
<!-- Generated by org.testng.reporters.JUnitReportReporter -->
<testsuite hostname="DESKTOP-RG6CFTP" failures="0" tests="1" name="Acadamy.validateNavBar" time="0.628" errors="0" timestamp="2021-10-19T17:09:10 IST" skipped="0">
  <testcase classname="Acadamy.validateNavBar" name="basePageNavigation" time="0.628"/>
  <system-out/>
</testsuite> <!-- Acadamy.validateNavBar -->
