<?xml version="1.0" encoding="UTF-8"?>
<!-- Generated by org.testng.reporters.JUnitReportReporter -->
<testsuite hostname="DESKTOP-RG6CFTP" failures="0" tests="2" name="Acadamy.hOMEpAGE" time="31.425" errors="0" timestamp="2021-10-19T17:09:10 IST" skipped="0">
  <testcase classname="Acadamy.hOMEpAGE" name="basePageNavigation" time="4.908"/>
  <system-out/>
  <testcase classname="Acadamy.hOMEpAGE" name="basePageNavigation" time="26.517"/>
  <system-out/>
</testsuite> <!-- Acadamy.hOMEpAGE -->
