<?xml version="1.0" encoding="UTF-8"?>
<!-- Generated by org.testng.reporters.JUnitReportReporter -->
<testsuite hostname="DESKTOP-RG6CFTP" failures="0" tests="1" name="validateNavBar" time="14.720" errors="0" timestamp="2021-10-14T11:40:56 IST" skipped="0">
  <testcase classname="validateNavBar" name="basePageNavigation" time="14.720"/>
  <system-out/>
</testsuite> <!-- validateNavBar -->
