<?xml version="1.0" encoding="UTF-8"?>
<!-- Generated by org.testng.reporters.JUnitReportReporter -->
<testsuite hostname="DESKTOP-RG6CFTP" failures="0" tests="1" name="hOMEpAGE" time="12.825" errors="0" timestamp="2021-10-14T10:48:52 IST" skipped="0">
  <testcase classname="hOMEpAGE" name="basePageNavigation" time="12.825"/>
  <system-out/>
</testsuite> <!-- hOMEpAGE -->
